1422 1
1413 1
1452 1
1340 1
1362 1
1391 1
2349 1
2381 1
2386 1
2647 1
2175 1
2263 1
2231 1
2202 1
1127 1
1107 1
3053 1
3046 1
3034 1
3009 1
2388 1
2387 1
2412 1
2434 1
1773 1
1753 1
1746 1
1946 1
450 1
1058 1
1038 1
1054 1
1231 1
1200 1
1172 1
172 1
151 1
2969 1
2937 1
2921 1
1599 1
1594 1
1615 1
39 1
59 1
67 1
99 1
1514 1
1492 1
1477 1
1537 1
611 1
642 1
1106 1
1085 1
276 1
304 1
324 1
332 1
491 1
470 1
517 1
1581 1
1550 1
1591 1
2513 1
2459 1
2491 1
2506 1
116 1
134 1
972 1
994 1
2829 1
1158 1
1136 1
1162 1
201 1
2004 1
2025 1
1999 1
1973 1
2270 1
2292 1
680 1
686 1
669 1
2851 1
2883 1
2893 1
2853 1
342 1
390 1
363 1
345 1
1629 1
561 1
545 1
583 1
594 1
106 1
2746 1
2719 1
2757 1
3092 1
3075 1
2701 1
2655 1
2675 1
2686 1
1719 1
1917 1
1912 1
1026 1
999 1
1013 1
2335 1
2309 1
794 1
777 1
755 1
2599 1
2616 1
2542 1
2567 1
1832 1
1801 1
1888 1
1864 1
2055 1
2063 1
2080 1
1254 1
938 1
903 1
915 1
967 1
1955 1
607 1
803 1
829 1
10 1
0 1
25 1
1283 1
1315 1
1319 1
1325 1
2827 1
2780 1
2809 1
2973 1
2987 1
2985 1
1664 1
1647 1
1669 1
1690 1
421 1
433 1
424 1
889 1
861 1
736 1
714 1
2111 1
2124 1
2143 1
249 1
208 1
234 1
217 1
