112 4 5 6 7 8
212 2
92 5 6 7
434 1 2 3 4 5
1261 1 2 3 4 5 6 7 8
372 1 2 3 4
434 6 7 8
353 1 2 3 4 5 6 7 8
222 1
83 1 2 3
163 1
40 4
251 1 3 4 5 6 7 8
269 1 3 4 5 6 7 8
40 5 6 7 8
729 2 3 4 5 6 7
1122 1 2 3 4
1122 5 6 7
1067 1 2 3 4 5 6 7 8
0 1 2 3
203 2 3 4 5 6 7 8
528 1 2 3 4 5 6 7
455 1 2 3 4 5 6
537 1 2 3 4 5 6
56 4
1156 1 2 3 4 5 6 7 8
1252 1 2 3 4 5
1185 1 2
1240 1 2 3
665 1 2 3 4 5 6
685 1
768 1 2
69 5 6 7
594 1 2 3 4 5 6 7
907 1 2 3 4
972 1 2
834 1 2 3 4 5 6 7 8
212 3 4 5 6 7 8
0 4 5 6 7 8
685 2 3 4 5 6 7
