4144 1 2 3 4 5 6 7 8
4438 2 3
4406 1
4262 1 2
4230 1 2 3 4 5 6
54 4 5 6
2706 4 5
3106 1 2 3 4 5 6 7 8
528 1 2 3 4 5
1148 1 2 3 7 8
798 1 2
1122 1 2 3
1932 1 2 3 4 5 6 7
1860 4 5 6 7 8
2044 1 2 3 4 5
570 6
2352 1 2 3 4 5 6
3770 1
3806 2 3 4 5 6 7 8
3928 1 2 3 4 5 6 7 8
40 1
0 1 2
0 3 4 5 6 7 8
2352 7
2222 1 2 3 4 5 6
1586 1 2 3 4 5
1744 1 2 3
1020 3 4 5 6 7 8
914 4 5 6 7 8
1208 4 5
1122 4 5 6
1042 1 2 3 4 5 6 7
142 1 4 5 6
498 1 2 3 4 5
570 7
134 1 4 5 6 7
48 2 3
2640 1 2 3
2158 5 6 7
854 1 2
1306 1 2 3 4 5 6 7 8
1230 1 2 3 6 7 8
412 1 2 3 4 5
228 2 3 8
292 1 2 3 4 5 6 7 8
1606 6 7 8
1500 1 2 3 4 5
54 7
1500 6 7
1328 1 2 3 4 5 6 7 8
3416 1 2 3
3658 1 2 3 4
4262 3 4 5 6 7
412 6 7 8
126 1 7
142 7
48 4 5 6 7 8
40 2 3 4 5 6 7 8
3658 5 6 7 8
3768 1 2 3
3190 1 2 3 4 5 6
2264 8
2222 7 8
2120 1 2 3 4
2116 1 2 3 4
2706 6 7 8
2640 4 5 6 7 8
2494 1 2 3 4 5 6 8
2842 1 2 3 4 5 6 7 8
3028 1 2 3 4 5 6
2044 6 7 8
1744 4 5 6 7 8
3360 1 2 3 4 5 6 7 8
3416 4 5 6 7 8
3604 1 2 3 4 5 6
3190 7 8
54 8
602 6 8
570 8
564 6 7 8
718 6 7 8
828 3
4048 1 2 3
2758 1 2
3994 1 2 3 4 5 6 7 8
652 1 2 3 4 5
828 4 5 6 7 8
