181 4 5 6 20 21 24 25 26
993 1 2 3 7 8 9 10 11 12 13 14 15
5028 1 2 3 4 5 6 7 8 9 10 11 12 13 14 15 16 17 18
5679 1 2 3 4 5 6 7 8 9 10 11 12 13 14 15 16 17 18 19 20 21 22 23 24 25 26 27 28 29 30 31 32 33 34 35 36
5898 1 2 3 4 5 6 7 8 9 10 11 12 13 14 15 16 17 18 19 20 21 22 23 24 25 26 27 28 29 30 31 32 33 34 35 36
421 4 5 6 20 21 24
1787 4 5 6 17 20 21 24 25 26 29 30 31 33 34 35
1992 1 2 3 4 5 6 7 8 9 10 11 12 13 14 15 16 17 18 19 20 21 22 23 24 25 26 27 28 29 30 31 32 33
2265 1 2 3 4 5 6 7 8 9 10 11 12 13 14 15 16 17 18 19 20 21 22 23 24 25 26 27
2321 1 2 3 4 5 6 7 8 9
2412 10 11 12 13 14 15 16 17 18 19 20 21 22 23 24 25 26 27 28 29 30 31 32 34
95 22 23 36
3150 6 7 8 9 10 11 12 13 14 15 16 17 18 19 20 21 22 23 24 25 26 27
568 4 5 6 20 21 24 32 33 34 35 36
596 4
3086 1 2 3 4 5 6 7 8 9 10 11 12 13 14 15 16 17 18 19 20 21 22 23 24 25 26 27 28 29 30 31 32
3134 1 2 3 4 5
2130 1 2 3 4 5 6 7 8 9 10 11 12 13 14 15 16 17 18 19 20 21 22 23 24 25 26 27
2143 1 2 3 4 5 6 7 8 9 10 11 12 13 14 15 16 17 18 19 20 21 22 23 24 25 26 27 28 29 30
4430 1 2 3 4 5 6 7 8 9 10 11 12 13 14 15 16 17 18 19 20 21 22 23 24 25 26 27
4556 1 2 3 4 5 6 7 8 9 10 11 12 13 14 15 16 17 18 19 20 21 22 23 24 25
4696 1 2 3 4 5 6 7 8 9 10
4609 1 2 3 4 5 6 7 8 9 10
3073 1 2 3 4 5 6 7 8 9 10 11 12 13 14 15 16 17 18 19 20 21 22 23 24 25 26 27 28 29 30 31 32 33 34
88 24 25 26 27
761 4 5 6 17 20 21 24 25 26 32 33 34 35 36
1463 4 5 6 17 20 21 24 25 26 29 30 31 32 33 34 35
965 1 2 3 7 8 9 10 11 12 13 14 15
950 4 5 6 17 20 21 24 25 26 30 31 33 34 35 36
411 4 5 6 20 21 24
429 18 19 22 23 28 29 30 31
1634 1 2 3 7 8 9 10 11 12 13 14 15 16 18 19 22 23 27 28 32
6774 1 2 3 4 5 6 7 8 9 10 11 12 13 14 15 16 17 18 19 20 21 22 23 24 25 26 27 28
6883 1 2 3 4 5 6 7 8 9 10 11 12 13 14 15 16 17 18 19 20 21 22 23 24 25 26 27 28 29 30
6820 1 2 3 4 5 6 7 8 9 10 11 12 13 14 15 16 17 18 19 20 21 22 23 24 25 26 27 28 29 30 31 32 33 34 35 36
163 28 29 30 31 32 33 34 35
644 4 5 6 20 21 24 25 26 32 33 34 35
128 1 2
5552 1 2 3 4 5 6 7 8 9 10 11 12 13 14 15 16 17 18 19 20 21 22 23 24 25 26 27 28 29 30 31 32 33 34 35
4258 1 2 3 4 5 6 7 8 9 10 11 12 13 14 15 16 17 18 19
270 1 2 27 34 35 36
2490 10 11 12 13 14 15 16 17 18 19 20 21 22 23 24 25 26 27 28 29 30 31 32 34
5274 1 2 3 4 5 6 7 8 9 10 11 12 13 14 15 16 17 18 19 20 21 22 23 24 25 26 27 28 29 30 31 32 33 34
1257 1 2 3 7 8 9 10 11 12 13 14 15 16 18 19 22 23 27 28
1269 1 2 3 7 8 9 10 11 12 13 14 15 16 18 19 22 23 27 28
256 18 19 22 23 28 29 30 31 32
1443 4 5 6 17 20 21 24 25 26 29 30
1242 4 5 6 17 20 21 24 25 26 29 30 31 32 33 34 35
352 3 7 8 9 10 11 12 13 14 15 16
151 24 25 26 27 36
36 4 5 6
414 3 7 8 9 10 11 12 13 14 15 16 25 35 36
4864 1 2 3 4 5 6 7 8 9 10 11 12 13 14 15 16 17 18 19 20 21 22 23 24 25 26 27 28 29 30 31
2592 1 2 3 4 5 6 7 8 9 10 11 12 13 14 15 16 17
2552 1 2 3 4 5 6 7 8 9 10 11 12 13 14 15 16 17 18 19 20 21 22 23 24 25 26 27 28 29 30 31
2589 1 2 3 4 5 6 7 8 9 10 11 12 13 14 15 16 17 18 19 20 21 22 23 24 25 26 27 28 29 30 31 32 33 34 35
3336 1 2 3 4
3292 1 2 3 4 5 6 7 8 9 10 11 12 13 14 15 16 17 18 19 20 21 22 23 24 25 26 27
3261 1 2 3 4 5 6 7 8 9 10 11 12 13 14 15 16 17 18 19 20 21 22 23 24 25 26 27 28 29 30 31 32 33 34 35
1167 1 2 3 7 8 9 10 11 12 13 14 15 16 18 19 22 23 27
6737 1 2 3 4 5 6 7 8 9 10 11 12 13 14 15 16 17 18 19 20 21 22 23 24 25
3336 5 6 7 8 9 10 11 12 13 14 15 16 17 18 19 20 21 22 23 24 25 26 27
4609 11 12 13 14 15 16 17 18 19 20 21 22 23 24 25 26 27 28 29 30 31 32 33
4613 11 12
6473 1 2 3 4 5 6 7 8 9 10 11 12 13 14 15 16 17 18 19 20 21
6555 1 2 3 4 5 6 7 8 9 10 11 12 13
6537 1 2 3 4 5 6 7 8 9 10 11 12 13 14 15 16 17 18 19 20 21 22 23 24 25 26 27 28 29 30 31
36 7 8 9 10 11 12 13 14 15 16 17 18 19
91 7 8 9 10 11 12 13 14 15 16 17 18 19
1758 1 2 3 7 8 9 10 11 12 13 14 15 16 18 19 22 23 27 28 32
646 18 19 22 23 27 28 29 30 31 36
1470 4 5 6 17 20 21 24 25 26 29 30 31 32
1503 4 5 6 17 20 21 24 25 26 29 30 31 32
4613 13 14 15 16 17 18 19 20 21 22 23 24 25 26 27 28 29 30 31 32 33 34 35 36
2822 1 2 3 4 5 6 7 8 9 10 11 12 13 14 15 16 17 18 19 20 21 22 23 24 25 26 27 28 29 30 31 32 33
1735 4 5 6 17 20 21 24 25 26 29 30 31 33 34
1936 1 2 3 4 5 6 7 8 9 10 11 12 13 14 15 16 17 18 19 20 21 22 23 24 25 26 27 28 29 30 31 32 33 34 35
564 1 2
548 1 2 3 7 8 9 10 11 12 13 14 15 16 17 25 26
6286 1 2 3 4 5 6 7 8 9 10 11 12
6268 1 2 3 4 5 6 7 8 9 10 11 12 13 14 15 16 17 18 19 20 21 22 23 24 25 26 27 28
4694 11 12 13 14 15 16 17 18 19 20 21 22 23 24 25 26 27 28 29 30 31 32 33 34 35
1675 4 5 6 17 20 21 24 25 26 29 30 31 33 34 35
6555 14 15 16 17 18 19 20 21 22 23 24 25 26 27 28 29 30 31 32 33
6286 13 14 15 16 17 18 19 20 21 22 23 24 25 26 27 28 29 30 31 32 33 34 35 36
2727 1 2 3 4 5 6 7 8 9 10 11 12 13 14 15 16 17 18 19 20 21 22 23 24 25 26 27 28
2660 1 2 3 4 5 6 7 8 9 10 11 12 13 14 15 16 17 18 19 20 21 22 23 24 25 26 27 28 29 30
807 1 2 3 7 8 9 10 11 12 13 14 15 16 18 19 22 23 27 28 29
1930 1 2 3 4 5 6 7 8 9 10 11 12 13 14 15 16 17 18 19 20 21 22 23 24 25 26 27 28
494 1 2 3 7 8 9 10 11 12 13 14 15 16 17 25 26 27 32
1095 4 5 6 17 20 21 24 25 26 29 30 31 32 33 34 35 36
1861 1 2 3 7 8 9 10 11 12 13 14 15 16 18 19 22 23 27 28 32
2592 18 19 20 21 22 23 24 25 26 27 28 29 30 31 32
2400 1 2 3 4 5 6 7 8 9 33
0 1 2 3
470 1 2 3 7 8 9 10 11 12 13 14 15 16 17 25 26 27 32 33 34 35
4480 1 2 3 4 5 6 7 8 9 10 11 12 13 14 15 16 17 18 19 20 21 22 23 24 25 26 27 28 29 30
4538 1 2 3 4 5 6 7 8 9 10 11 12 13 14 15 16 17 18 19
2892 1 2 3 4 5 6 7 8 9 10 11 12 13 14 15 16 17 18 19 20 21 22 23 24 25 26 27 28 29 30 31 32 33 34 35 36
2935 1
2884 1 2 3 4 5 6 7 8 9 10 11 12 13 14 15 16 17 18 19 20 21 22 23 24 25 26 27 28 29 30 31 32 33 34
3478 1 2 3 4 5 6 7 8 9 10 11 12 13 14 15 16 17 18 19 20 21 22 23 24 25 26 27 28 29 30 31 32 33
3412 1 2 3 4 5 6 7 8 9 10 11 12 13 14 15 16 17 18 19 20 21 22 23 24 25 26 27 28 29 30 31 32 33 34 35 36
3418 1 2 3 4 5 6 7 8 9 10 11 12 13 14 15 16
4096 1 2 3 4 5 6 7 8 9 10 11 12 13 14 15 16 17 18 19 20 21 22 23 24 25 26 27 28 29 30 31 32 33
1393 4 5 6 17 20 21 24 25 26 29 30 31 32 33 34 35 36
686 3 7 8 9 10 11 12 13 14 15 16
1395 4 5 6 17 20 21 24 25 26 29 30 31 32 33 34 35 36
6561 14 15 16 17 18 19 20 21 22 23 24 25 26 27 28 29 30 31 32
6667 1 2 3 4 5 6 7 8 9 10 11 12 13 14 15 16 17
223 1 2 27 36
5087 1 2 3 4 5 6 7 8 9 10 11 12 13 14 15 16 17 18 19 20 21 22 23 24 25 26 27 28
5171 1 2 3 4 5 6 7 8 9 10 11 12 13 14
5363 1 2 3 4 5 6 7 8 9 10 11 12 13 14 15 16 17 18 19 20 21 22 23 24 25 26 27 28 29 30 31 32 33 34
1582 4 5 6 17 20 21 24 25 26 29 30 31
1579 4 5 6 17 20 21 24 25 26 29 30 31 32
3021 1 2 3 4 5 6 7 8 9 10 11 12 13 14 15 16 17 18 19 20
2935 2 3 4 5 6 7 8 9 10 11 12 13 14 15 16 17 18 19 20 21 22 23 24
2973 2 3 4 5 6 7 8 9 10 11 12 13 14 15 16 17 18 19 20 21 22 23 24 25 26 27 28 29 30 31 32 33 34 35 36
257 4 5 6 20 21 24 25 26 33
3643 1 2 3 4 5 6 7 8 9 10 11 12 13 14 15 16 17 18 19 20 21 22 23 24 25 26 27 28 29 30 31 32 33
3663 1 2 3 4 5 6 7 8 9 10 11 12 13 14 15 16 17 18 19 20 21 22 23 24 25 26 27 28 29 30 31 32 33
3558 1 2 3 4 5 6 7 8 9 10 11 12 13 14 15 16 17 18 19 20 21 22 23 24 25 26 27 28 29 30 31 32 33
728 1 2 18 19 22 23 27 28 29 30 31
763 3 7 8 9 10 11 12 13 14 15 16
6214 1 2 3 4 5 6 7 8 9 10 11 12 13 14 15 16 17 18 19 20 21 22 23 24 25 26 27 28 29
5028 19 20 21 22 23 24 25 26 27 28 29 30 31 32 33 34 35 36
4911 1 2 3 4 5 6 7 8 9 10 11 12 13 14 15 16 17 18 19 20 21 22 23 24 25 26 27 28 29 30 31 32 33 34 35 36
4974 1 2 3 4 5 6 7 8 9 10 11 12 13 14 15 16 17 18 19 20 21 22
5454 1 2 3 4 5 6 7 8 9 10 11 12 13 14 15 16 17 18 19 20 21 22 23 24 25 26 27 28 29 30 31 32 33 34
5478 1 2 3 4 5 6 7 8 9 10 11 12 13 14 15 16 17 18 19 20
208 1 2 27 36
1399 1 2 3 7 8 9 10 11 12 13 14 15 16 18 19 22 23 27 28
564 3 7 8 9 10 11 12 13 14 15 16 17 25 26
640 1 2
5171 15 16 17 18 19 20 21 22 23 24 25 26 27 28 29 30 31 32 33
5190 1 2 3 4 5 6 7 8 9 10 11 12 13 14 22 23 24 25 26 27
5172 15 16 17 18 19 20 21
3749 1 2 3 4 5 6 7 8 9 10 11 12 13 14 15 16 17 18 19 20 21 22 23 24 25 26 27 28 29 30 31 32 33 34
3167 6 7 8 9 10 11 12 13 14 15 16 17 18 19 20 21 22 23 24 25 26 27 28 29 30
4349 1 2 3 4 5 6 7 8 9 10 11 12 13 14 15 16 17 18 19 20 21 22 23 24 25
602 18 19 22 23 27 28 29 30 31
4203 1 2 3 4 5 6 7 8 9 10 11 12 13 14 15 16 17 18 19
965 16 18 19 22 23 27 28
134 3 7 8 9 10 11 12 13 14 15 16 17
890 1 2 3 7 8 9 10 11 12 13 14 15 16 18 19 22 23 27 28 29 32
1773 1 2 3 7 8 9 10 11 12 13 14 15 16 18 19 22 23 27 28 32
85 1 2 3
3134 6 7 8 9 10 11 12 13 14 15 16 17 18 19 20 21 22 23 24 25 26 27 28 29 30 31
3220 1 2 3 4 5 6 7 8 9 10 11 12 13 14 15 16 17 18 19 20 21 22 23 24 25 26 27 28 29 30 31 32 33 34 35
316 4 5 6 20 21 24 25
472 4 5 6 20 21 24
1725 4 5 6 17 20 21 24 25 26 29 30 31 33 34 35 36
134 18 19
6102 1 2 3 4 5 6 7 8 9 10 11 12 13 14 15 16 17 18 19 20 21 22 23
6055 1 2 3 4 5 6 7 8 9 10 11 12 13 14 15 16 17 18 19 20 21 22 23 24
6102 24 25 26 27 28 29 30 31 32 33
111 1 2 3
4549 1 2 3 4 5 6 7 8 9 10 11 12 13 14 15 16 17 18 19 20 21 22 23 24
1864 4 5 6 17 20 21 24 25 26 29 30 31 33 34 35
1604 1 2 3 7 8 9 10 11 12 13 14 15 16 18 19 22 23 27 28 32 33 34 35 36
998 1 2 3 7 8 9 10 11 12 13 14 15
1009 1 2 3 7 8 9 10
6643 1 2 3 4 5 6 7 8 9 10 11 12 13 14 15 16 17 18 19 20 21 22 23 24 25 26
7222 1 2 3 4 5 6 7 8 9 10 11 12 13 14 15 16 17 18 19 20 21 22 23 24 25 26 27 28 29 30 31 32 33 34 35 36
7292 1 2 3 4 5 6 7 8 9 10 11 12 13
7292 14
1226 4 5 6 17 20 21 24 25 26 29 30 31 32 33 34 35
63 20
75 20
43 20
346 18 19 22 23 28 29 30 31 32
7017 1 2 3 4 5 6 7 8 9 10 11 12 13 14 15 16 17 18 19 20 21 22 23 24 25 26 27
6972 1 2 3 4 5 6 7 8 9 10 11 12 13 14 15 16 17 18 19 20 21 22 23
7087 1 2 3 4 5 6 7 8 9 10 11 12 13 14 15 16 17 18 19 20 21 22
5572 1 2 3 4 5 6 7 8 9 10 11 12 13 14 15 16 17 18 19 20 21 22 23 24 25 26 27 28 29 30 31 32 33 34 35
5588 1 2 3 4 5 6 7 8 9 10 11 12
573 18 19 22 23 27 28 29 30 31
596 5 6 20 21 24 32 33 34 35 36
522 18 19 22 23 28 29 30 31
181 27 36
986 4 5 6 17 20 21 24 25 26 29 30 31 32 33 34 35 36
2220 1 2 3 4 5 6 7 8 9 10 11 12 13 14 15 16 17 18 19 20 21 22 23 24 25 26 27 28 29 30 31 32 33
5976 1 2 3 4 5 6 7 8 9 10 11 12 13 14 15 16 17 18 19 20 21
1360 1 2 3 7 8 9 10 11 12 13 14 15 16 18 19 22 23 27 28
736 4 5 6 17 20 21 24 25 26 32 33 34 35 36
0 4 5 6 7 8 9 10 11 12 13 14 15 16 17 18 19
1539 1 2 3 7 8 9 10 11 12 13 14 15 16 18 19 22 23 27 28 33 34 35
1483 1 2 3 7 8 9 10 11 12 13 14 15 16 18 19 22 23 27 28 33 34
999 4 5 6 17 20 21 24 25 26 29 30 31 32 33 34 35 36
7155 1 2 3 4 5 6 7 8 9 10 11 12 13 14 15 16 17 18 19 20 21 22
2321 10 11 12 13 14 15 16 17 18 19 20 21 22 23 24 25 26 27 28 29 30 31 32
2455 10 11 12 13 14 15 16 17 18 19 20 21 22 23 24 25 26 27 28 29 30 31
136 22 23
5791 1 2 3 4 5 6 7 8 9 10 11 12 13 14 15 16 17 18 19 20 21 22 23 24 25 26 27 28 29 30 31 32 33 34 35 36
5751 1 2 3 4 5 6 7 8 9 10 11 12 13 14 15 16 17 18 19 20 21 22 23 24 25 26 27 28 29 30 31 32 33 34 35
2781 1 2 3 4 5 6 7 8 9 10 11 12 13 14 15 16 17 18 19 20 21 22 23 24
519 4 5 6 20 21 24 33 34 35 36
1137 4 5 6 17 20 21 24 25 26 29 30 31 32 33 34 35
100 4 5 6 21
344 1 2 26 27 33 34 35 36
6304 13 14 15 16 17 18 19 20 21 22 23 24 25 26 27 28 29 30 31 32 33 34
6335 13 14 15 16 17 18 19 20 21 22 23 24 25 26 27 28 29 30 31 32 33
696 4 5 6 17 20 21 24 25 26 32 33 34 35
640 3 7 8 9 10 11 12 13 14 15 16 17
901 4 5 6 17 20 21 24 25 26 30 31 33 34 35 36
3979 1 2 3 4 5 6 7 8 9 10 11 12 13 14 15 16 17 18 19 20 21
3921 1 2 3 4 5 6 7 8 9 10 11 12 13 14 15 16 17 18 19 20 21 22 23 24 25 26
813 4 5 6 17 20 21 24 25 26 30 31 32 33 34 35 36
853 4 5 6 17 20 21 24 25 26 30 31
1026 1 2 3 7 8 9 10 11 12 13 14 15 16 18 19 22 23 27 28
294 3 7 8 9 10 11 12 13 14 15 16 17
1698 1 2 3 7 8 9 10 11 12 13 14 15 16 18 19 22 23 27 28 32
5588 13 14 15 16 17 18 19 20 21 22 23 24 25 26 27 28 29 30 31 32 33 34 35 36
1082 1 2 3 7 8 9 10 11 12 13 14 15 16 18 19 22 23 27 28
1167 28 36
0 20 21
5811 1 2 3 4 5 6 7 8 9 10 11 12 13 14 15 16 17 18 19 20 21 22 23 24 25 26 27 28 29 30 31 32 33 34
3828 1 2 3 4 5 6 7 8 9 10 11 12 13 14 15 16 17 18 19 20 21 22 23 24
4004 1 2 3 4 5 6 7 8 9 10 11 12 13 14 15 16 17 18 19 20 21 22 23 24 25 26 27 28 29 30 31
81 22 23
4001 1 2 3 4 5 6 7 8 9 10 11 12 13 14 15 16 17 18 19 20 21 22 23 24 25 26
191 3 7 8 9 10 11 12 13 14 15 16 17
2037 1 2 3 4 5 6 7 8 9 10 11 12 13 14 15 16 17 18 19 20 21 22 23 24 25 26 27 28 29 30
198 3 7 8 9 10 11 12 13 14 15 16 17
6396 1 2 3 4 5 6 7 8 9 10 11 12 13 14 15 16 17 18 19 20 21 22 23 24 25 26 27 28 29 30 31 32
6149 1 2 3 4 5 6 7 8 9 10 11 12 13 14 15 16 17 18 19 20 21 22 23 34
1309 4 5 6 17 20 21 24 25 26 29 30 31 32 33 34 35 36
4170 1 2 3 4 5 6 7 8 9 10 11 12 13 14 15 16 17 18 19 20 21 22 23 24 25 26 27 28 29 30 31 32 33
4264 20 21 22 23 24 25 26 27 28 29 30 31 32
4203 20 21 22 23 24 25 26 27 28 29 30 31 32 33 34 35 36
4778 1 2 3 4 5 6 7 8 9 10 11 12 13 14 15 16 17 18 19 20 21 22 23 24 25 26 27 28 29 30 31 32 33 34 35 36
556 18 19 22 23 27 28 29 30 31
4234 1 2 3 4 5 6 7 8 9 10 11 12 13 14 15 16 17 18
43 21
3418 17 18 19 20 21 22 23 24 25 26 27 28 29 30 31 32 33 34 35 36
401 1 2 17 26 27 33 34
1713 4 5 6 17 20 21 24 25 26 29 30 31 33
88 28 29 30 31 32 33 34 35
0 22 23 24 25 26 27 28 29 30 31 32 33 34 35 36
81 24 25 26 27 28 29 30 31 32 33 34 35 36
